mode: set
github.com/proveder/envconfig/envconfig.go:47.37,49.2 1 0
github.com/proveder/envconfig/envconfig.go:61.61,64.33 2 1
github.com/proveder/envconfig/envconfig.go:64.33,66.3 1 1
github.com/proveder/envconfig/envconfig.go:67.2,68.32 2 1
github.com/proveder/envconfig/envconfig.go:68.32,70.3 1 1
github.com/proveder/envconfig/envconfig.go:71.2,75.36 3 1
github.com/proveder/envconfig/envconfig.go:75.36,78.54 3 1
github.com/proveder/envconfig/envconfig.go:78.54,79.12 1 1
github.com/proveder/envconfig/envconfig.go:82.3,82.35 1 1
github.com/proveder/envconfig/envconfig.go:82.35,83.17 1 1
github.com/proveder/envconfig/envconfig.go:83.17,84.49 1 1
github.com/proveder/envconfig/envconfig.go:84.49,86.11 1 1
github.com/proveder/envconfig/envconfig.go:89.5,89.40 1 1
github.com/proveder/envconfig/envconfig.go:91.4,91.16 1 1
github.com/proveder/envconfig/envconfig.go:95.3,106.43 3 1
github.com/proveder/envconfig/envconfig.go:106.43,108.22 2 1
github.com/proveder/envconfig/envconfig.go:108.22,110.33 2 1
github.com/proveder/envconfig/envconfig.go:110.33,111.70 1 1
github.com/proveder/envconfig/envconfig.go:111.70,113.7 1 1
github.com/proveder/envconfig/envconfig.go:113.12,115.7 1 1
github.com/proveder/envconfig/envconfig.go:118.5,118.39 1 1
github.com/proveder/envconfig/envconfig.go:121.3,121.21 1 1
github.com/proveder/envconfig/envconfig.go:121.21,123.4 1 1
github.com/proveder/envconfig/envconfig.go:124.3,124.19 1 1
github.com/proveder/envconfig/envconfig.go:124.19,126.4 1 1
github.com/proveder/envconfig/envconfig.go:127.3,130.33 3 1
github.com/proveder/envconfig/envconfig.go:130.33,132.113 1 1
github.com/proveder/envconfig/envconfig.go:132.113,134.25 2 1
github.com/proveder/envconfig/envconfig.go:134.25,136.6 1 1
github.com/proveder/envconfig/envconfig.go:138.5,140.19 3 1
github.com/proveder/envconfig/envconfig.go:140.19,142.6 1 0
github.com/proveder/envconfig/envconfig.go:143.5,145.13 2 1
github.com/proveder/envconfig/envconfig.go:149.2,149.19 1 1
github.com/proveder/envconfig/envconfig.go:155.53,157.16 2 1
github.com/proveder/envconfig/envconfig.go:157.16,159.3 1 0
github.com/proveder/envconfig/envconfig.go:161.2,162.29 2 1
github.com/proveder/envconfig/envconfig.go:162.29,164.3 1 1
github.com/proveder/envconfig/envconfig.go:166.2,166.18 1 1
github.com/proveder/envconfig/envconfig.go:166.18,168.3 1 1
github.com/proveder/envconfig/envconfig.go:170.2,170.35 1 1
github.com/proveder/envconfig/envconfig.go:170.35,171.38 1 1
github.com/proveder/envconfig/envconfig.go:171.38,172.12 1 1
github.com/proveder/envconfig/envconfig.go:174.3,175.34 2 1
github.com/proveder/envconfig/envconfig.go:175.34,177.4 1 1
github.com/proveder/envconfig/envconfig.go:180.2,180.12 1 1
github.com/proveder/envconfig/envconfig.go:184.45,187.29 2 1
github.com/proveder/envconfig/envconfig.go:187.29,194.28 2 1
github.com/proveder/envconfig/envconfig.go:194.28,196.4 1 1
github.com/proveder/envconfig/envconfig.go:198.3,199.23 2 1
github.com/proveder/envconfig/envconfig.go:199.23,201.4 1 1
github.com/proveder/envconfig/envconfig.go:203.3,204.23 2 1
github.com/proveder/envconfig/envconfig.go:204.23,205.19 1 1
github.com/proveder/envconfig/envconfig.go:205.19,207.23 2 1
github.com/proveder/envconfig/envconfig.go:207.23,209.6 1 1
github.com/proveder/envconfig/envconfig.go:210.5,210.60 1 1
github.com/proveder/envconfig/envconfig.go:212.4,212.12 1 1
github.com/proveder/envconfig/envconfig.go:215.3,216.17 2 1
github.com/proveder/envconfig/envconfig.go:216.17,224.4 1 1
github.com/proveder/envconfig/envconfig.go:227.2,227.12 1 1
github.com/proveder/envconfig/envconfig.go:231.43,232.46 1 1
github.com/proveder/envconfig/envconfig.go:232.46,233.13 1 1
github.com/proveder/envconfig/envconfig.go:237.60,241.20 3 1
github.com/proveder/envconfig/envconfig.go:241.20,243.3 1 1
github.com/proveder/envconfig/envconfig.go:245.2,246.19 2 1
github.com/proveder/envconfig/envconfig.go:246.19,248.3 1 1
github.com/proveder/envconfig/envconfig.go:250.2,250.43 1 1
github.com/proveder/envconfig/envconfig.go:250.43,252.3 1 1
github.com/proveder/envconfig/envconfig.go:254.2,254.45 1 1
github.com/proveder/envconfig/envconfig.go:254.45,256.3 1 1
github.com/proveder/envconfig/envconfig.go:258.2,258.35 1 1
github.com/proveder/envconfig/envconfig.go:258.35,260.20 2 1
github.com/proveder/envconfig/envconfig.go:260.20,262.4 1 1
github.com/proveder/envconfig/envconfig.go:263.3,263.23 1 1
github.com/proveder/envconfig/envconfig.go:266.2,266.20 1 1
github.com/proveder/envconfig/envconfig.go:267.22,268.25 1 1
github.com/proveder/envconfig/envconfig.go:269.78,274.91 2 1
github.com/proveder/envconfig/envconfig.go:274.91,278.4 3 1
github.com/proveder/envconfig/envconfig.go:278.9,280.4 1 1
github.com/proveder/envconfig/envconfig.go:281.3,281.17 1 1
github.com/proveder/envconfig/envconfig.go:281.17,283.4 1 1
github.com/proveder/envconfig/envconfig.go:285.3,285.20 1 1
github.com/proveder/envconfig/envconfig.go:286.83,288.17 2 1
github.com/proveder/envconfig/envconfig.go:288.17,290.4 1 1
github.com/proveder/envconfig/envconfig.go:291.3,291.21 1 1
github.com/proveder/envconfig/envconfig.go:292.20,294.17 2 1
github.com/proveder/envconfig/envconfig.go:294.17,296.4 1 1
github.com/proveder/envconfig/envconfig.go:297.3,297.21 1 1
github.com/proveder/envconfig/envconfig.go:298.40,300.17 2 1
github.com/proveder/envconfig/envconfig.go:300.17,302.4 1 1
github.com/proveder/envconfig/envconfig.go:303.3,303.22 1 1
github.com/proveder/envconfig/envconfig.go:304.21,306.41 2 1
github.com/proveder/envconfig/envconfig.go:306.41,308.4 1 1
github.com/proveder/envconfig/envconfig.go:308.9,308.44 1 1
github.com/proveder/envconfig/envconfig.go:308.44,311.29 3 1
github.com/proveder/envconfig/envconfig.go:311.29,313.19 2 1
github.com/proveder/envconfig/envconfig.go:313.19,315.6 1 0
github.com/proveder/envconfig/envconfig.go:318.3,318.16 1 1
github.com/proveder/envconfig/envconfig.go:319.19,321.37 2 1
github.com/proveder/envconfig/envconfig.go:321.37,322.51 1 1
github.com/proveder/envconfig/envconfig.go:322.51,324.25 2 1
github.com/proveder/envconfig/envconfig.go:324.25,326.6 1 0
github.com/proveder/envconfig/envconfig.go:327.5,329.19 3 1
github.com/proveder/envconfig/envconfig.go:329.19,331.6 1 0
github.com/proveder/envconfig/envconfig.go:332.5,334.19 3 1
github.com/proveder/envconfig/envconfig.go:334.19,336.6 1 0
github.com/proveder/envconfig/envconfig.go:337.5,337.25 1 1
github.com/proveder/envconfig/envconfig.go:340.3,340.16 1 1
github.com/proveder/envconfig/envconfig.go:343.2,343.12 1 1
github.com/proveder/envconfig/envconfig.go:346.62,348.27 1 1
github.com/proveder/envconfig/envconfig.go:348.27,350.3 1 0
github.com/proveder/envconfig/envconfig.go:351.2,353.28 3 1
github.com/proveder/envconfig/envconfig.go:353.28,355.3 1 1
github.com/proveder/envconfig/envconfig.go:358.51,359.45 1 1
github.com/proveder/envconfig/envconfig.go:359.45,359.69 1 1
github.com/proveder/envconfig/envconfig.go:360.2,360.10 1 1
github.com/proveder/envconfig/envconfig.go:363.49,364.45 1 1
github.com/proveder/envconfig/envconfig.go:364.45,364.68 1 1
github.com/proveder/envconfig/envconfig.go:365.2,365.10 1 1
github.com/proveder/envconfig/envconfig.go:368.72,369.45 1 1
github.com/proveder/envconfig/envconfig.go:369.45,369.86 1 1
github.com/proveder/envconfig/envconfig.go:370.2,370.10 1 1
github.com/proveder/envconfig/envconfig.go:373.76,374.45 1 1
github.com/proveder/envconfig/envconfig.go:374.45,374.88 1 1
github.com/proveder/envconfig/envconfig.go:375.2,375.10 1 1
github.com/proveder/envconfig/envconfig.go:378.28,381.2 2 1
github.com/proveder/envconfig/usage.go:46.47,55.2 1 1
github.com/proveder/envconfig/usage.go:58.47,59.18 1 1
github.com/proveder/envconfig/usage.go:60.36,61.39 1 1
github.com/proveder/envconfig/usage.go:61.39,63.4 1 1
github.com/proveder/envconfig/usage.go:64.3,64.80 1 1
github.com/proveder/envconfig/usage.go:65.19,70.4 1 1
github.com/proveder/envconfig/usage.go:71.23,72.37 1 1
github.com/proveder/envconfig/usage.go:73.22,74.47 1 1
github.com/proveder/envconfig/usage.go:74.47,76.4 1 1
github.com/proveder/envconfig/usage.go:77.3,77.12 1 0
github.com/proveder/envconfig/usage.go:78.22,80.37 2 1
github.com/proveder/envconfig/usage.go:80.37,82.4 1 0
github.com/proveder/envconfig/usage.go:83.3,83.18 1 1
github.com/proveder/envconfig/usage.go:84.20,86.35 2 1
github.com/proveder/envconfig/usage.go:86.35,88.4 1 0
github.com/proveder/envconfig/usage.go:89.3,89.25 1 1
github.com/proveder/envconfig/usage.go:90.78,92.52 2 1
github.com/proveder/envconfig/usage.go:92.52,94.4 1 1
github.com/proveder/envconfig/usage.go:95.3,95.19 1 1
github.com/proveder/envconfig/usage.go:96.83,98.53 2 1
github.com/proveder/envconfig/usage.go:98.53,100.4 1 0
github.com/proveder/envconfig/usage.go:101.3,101.28 1 1
github.com/proveder/envconfig/usage.go:102.40,104.54 2 1
github.com/proveder/envconfig/usage.go:104.54,106.4 1 0
github.com/proveder/envconfig/usage.go:107.3,107.17 1 1
github.com/proveder/envconfig/usage.go:109.2,109.30 1 0
github.com/proveder/envconfig/usage.go:113.43,121.2 4 1
github.com/proveder/envconfig/usage.go:124.74,128.47 1 1
github.com/proveder/envconfig/usage.go:128.47,128.63 1 1
github.com/proveder/envconfig/usage.go:129.47,129.76 1 1
github.com/proveder/envconfig/usage.go:130.47,130.91 1 1
github.com/proveder/envconfig/usage.go:131.47,131.79 1 1
github.com/proveder/envconfig/usage.go:132.53,134.17 2 1
github.com/proveder/envconfig/usage.go:134.17,136.19 2 1
github.com/proveder/envconfig/usage.go:136.19,138.6 1 0
github.com/proveder/envconfig/usage.go:139.5,139.13 1 1
github.com/proveder/envconfig/usage.go:139.13,141.6 1 1
github.com/proveder/envconfig/usage.go:143.4,143.19 1 1
github.com/proveder/envconfig/usage.go:147.2,148.16 2 1
github.com/proveder/envconfig/usage.go:148.16,150.3 1 0
github.com/proveder/envconfig/usage.go:152.2,152.40 1 1
github.com/proveder/envconfig/usage.go:156.84,159.16 2 1
github.com/proveder/envconfig/usage.go:159.16,161.3 1 0
github.com/proveder/envconfig/usage.go:163.2,163.33 1 1
